Using pre-set license
Built from '2021.1/staging' branch; Version is '2021.1.12f1 (afcadd793de6) revision 11520733'; Using compiler version '192528614'; Build Type 'Release'
OS: 'Windows 10 Home; OS build 19043.1348; Version 2009; 64bit' Language: 'en' Physical Memory: 16299 MB
BatchMode: 1, IsHumanControllingUs: 0, StartBugReporterOnCrash: 0, Is64bit: 1, IsPro: 0

 COMMAND LINE ARGUMENTS:
D:\Unity_2021\Editor\Unity.exe
-adb2
-batchMode
-noUpm
-name
AssetImportWorker0
-projectPath
D:/GameDev_Unity/Level Design Unity High Definition Render Pipeline (HDPR)
-logFile
Logs/AssetImportWorker0.log
-srvPort
62874
Successfully changed project path to: D:/GameDev_Unity/Level Design Unity High Definition Render Pipeline (HDPR)
D:/GameDev_Unity/Level Design Unity High Definition Render Pipeline (HDPR)
Using Asset Import Pipeline V2.
Refreshing native plugins compatible for Editor in 130.08 ms, found 3 plugins.
Preloading 0 native plugins for Editor in 0.00 ms.
Initialize engine version: 2021.1.12f1 (afcadd793de6)
[Subsystems] Discovering subsystems at path D:/Unity_2021/Editor/Data/Resources/UnitySubsystems
[Subsystems] Discovering subsystems at path D:/GameDev_Unity/Level Design Unity High Definition Render Pipeline (HDPR)/Assets
GfxDevice: creating device client; threaded=0; jobified=0
Direct3D:
    Version:  Direct3D 11.0 [level 11.1]
    Renderer: NVIDIA GeForce GTX 1660 (ID=0x2184)
    Vendor:   NVIDIA
    VRAM:     5991 MB
    Driver:   30.0.14.9709
Initialize mono
Mono path[0] = 'D:/Unity_2021/Editor/Data/Managed'
Mono path[1] = 'D:/Unity_2021/Editor/Data/MonoBleedingEdge/lib/mono/unityjit'
Mono config path = 'D:/Unity_2021/Editor/Data/MonoBleedingEdge/etc'
Using monoOptions --debugger-agent=transport=dt_socket,embedding=1,server=y,suspend=n,address=127.0.0.1:56528
Begin MonoManager ReloadAssembly
Registering precompiled unity dll's ...
Register platform support module: D:/Unity_2021/Editor/Data/PlaybackEngines/WindowsStandaloneSupport/UnityEditor.WindowsStandalone.Extensions.dll
Registered in 0.001335 seconds.
Native extension for WindowsStandalone target not found
Refreshing native plugins compatible for Editor in 126.93 ms, found 3 plugins.
Preloading 0 native plugins for Editor in 0.00 ms.
Mono: successfully reloaded assembly
- Completed reload, in  1.352 seconds
Domain Reload Profiling:
	ReloadAssembly (1352ms)
		BeginReloadAssembly (62ms)
			ExecutionOrderSort (0ms)
			DisableScriptedObjects (0ms)
			BackupInstance (0ms)
			ReleaseScriptingObjects (0ms)
			CreateAndSetChildDomain (1ms)
		EndReloadAssembly (483ms)
			LoadAssemblies (61ms)
			RebuildTransferFunctionScriptingTraits (0ms)
			SetupTypeCache (162ms)
			ReleaseScriptCaches (0ms)
			RebuildScriptCaches (27ms)
			SetupLoadedEditorAssemblies (253ms)
				LogAssemblyErrors (0ms)
				InitializePlatformSupportModulesInManaged (5ms)
				SetLoadedEditorAssemblies (0ms)
				RefreshPlugins (127ms)
				BeforeProcessingInitializeOnLoad (1ms)
				ProcessInitializeOnLoadAttributes (91ms)
				ProcessInitializeOnLoadMethodAttributes (28ms)
				AfterProcessingInitializeOnLoad (0ms)
				EditorAssembliesLoaded (0ms)
			ExecutionOrderSort2 (0ms)
			AwakeInstancesAfterBackupRestoration (0ms)
Platform modules already initialized, skipping
Registering precompiled user dll's ...
Registered in 0.007892 seconds.
Begin MonoManager ReloadAssembly
Symbol file LoadedFromMemory doesn't match image D:\GameDev_Unity\Level Design Unity High Definition Render Pipeline (HDPR)\Library\PackageCache\com.unity.visualscripting@1.6.1\Editor\VisualScripting.Core\Dependencies\YamlDotNet\Unity.VisualScripting.YamlDotNet.dll
Symbol file LoadedFromMemory doesn't match image D:\GameDev_Unity\Level Design Unity High Definition Render Pipeline (HDPR)\Library\PackageCache\com.unity.visualscripting@1.6.1\Editor\VisualScripting.Core\Dependencies\DotNetZip\Unity.VisualScripting.IonicZip.dll
Native extension for WindowsStandalone target not found
Refreshing native plugins compatible for Editor in 136.12 ms, found 3 plugins.
Preloading 0 native plugins for Editor in 0.00 ms.
Mono: successfully reloaded assembly
- Completed reload, in  1.718 seconds
Domain Reload Profiling:
	ReloadAssembly (1718ms)
		BeginReloadAssembly (193ms)
			ExecutionOrderSort (0ms)
			DisableScriptedObjects (4ms)
			BackupInstance (0ms)
			ReleaseScriptingObjects (0ms)
			CreateAndSetChildDomain (21ms)
		EndReloadAssembly (1461ms)
			LoadAssemblies (110ms)
			RebuildTransferFunctionScriptingTraits (0ms)
			SetupTypeCache (460ms)
			ReleaseScriptCaches (1ms)
			RebuildScriptCaches (83ms)
			SetupLoadedEditorAssemblies (731ms)
				LogAssemblyErrors (0ms)
				InitializePlatformSupportModulesInManaged (4ms)
				SetLoadedEditorAssemblies (0ms)
				RefreshPlugins (136ms)
				BeforeProcessingInitializeOnLoad (95ms)
				ProcessInitializeOnLoadAttributes (332ms)
				ProcessInitializeOnLoadMethodAttributes (161ms)
				AfterProcessingInitializeOnLoad (3ms)
				EditorAssembliesLoaded (0ms)
			ExecutionOrderSort2 (0ms)
			AwakeInstancesAfterBackupRestoration (6ms)
Platform modules already initialized, skipping
========================================================================
Worker process is ready to serve import requests
Launched and connected shader compiler UnityShaderCompiler.exe after 0.04 seconds
Refreshing native plugins compatible for Editor in 1.23 ms, found 3 plugins.
Preloading 0 native plugins for Editor in 0.00 ms.
Unloading 5643 Unused Serialized files (Serialized files now loaded: 0)
System memory in use before: 236.4 MB.
System memory in use after: 236.3 MB.

Unloading 45 unused Assets to reduce memory usage. Loaded Objects now: 6092.
Total: 6.071900 ms (FindLiveObjects: 1.058800 ms CreateObjectMapping: 0.861900 ms MarkObjects: 3.809200 ms  DeleteObjects: 0.340000 ms)

AssetImportParameters requested are different than current active one (requested -> active):
  custom:framework-win-MediaFoundation: 216162199b28c13a410421893ffa2e32 -> 
  custom:video-decoder-ogg-theora: a1e56fd34408186e4bbccfd4996cb3dc -> 
  custom:container-muxer-webm: aa71ff27fc2769a1b78a27578f13a17b -> 
  custom:container-demuxer-webm: 4f35f7cbe854078d1ac9338744f61a02 -> 
  custom:container-demuxer-ogg: 62fdf1f143b41e24485cea50d1cbac27 -> 
  custom:video-encoder-webm-vp8: eb34c28f22e8b96e1ab97ce403110664 -> 
  custom:video-decoder-webm-vp8: 9c59270c3fd7afecdb556c50c9e8de78 -> 
  custom:audio-decoder-ogg-vorbis: bf7c407c2cedff20999df2af8eb42d56 -> 
  custom:audio-encoder-webm-vorbis: bf7c407c2cedff20999df2af8eb42d56 -> 
========================================================================
Received Import Request.
  path: Assets/cobblestone_floor_01_1k.blend
  artifactKey: Guid(f9699f0c0da275340bba523944d397fc) Importer(815301076,1909f56bfc062723c751e8b465ee728b)
Start importing Assets/cobblestone_floor_01_1k.blend using Guid(f9699f0c0da275340bba523944d397fc) Importer(815301076,1909f56bfc062723c751e8b465ee728b)  -> (artifact id: 'a590eae2a4b5d1c55bef93ed92912a7f') in 0.053727 seconds 
========================================================================
Received Import Request.
  Time since last request: 0.000277 seconds.
  path: Assets/Settings
  artifactKey: Guid(0735c275001a2c84dafdb30deced5d8d) Importer(815301076,1909f56bfc062723c751e8b465ee728b)
Start importing Assets/Settings using Guid(0735c275001a2c84dafdb30deced5d8d) Importer(815301076,1909f56bfc062723c751e8b465ee728b)  -> (artifact id: 'cadd7ca10b5bf32e886eec457cf073a7') in 0.007895 seconds 
========================================================================
Received Import Request.
  Time since last request: 19.721908 seconds.
  path: Assets/textures
  artifactKey: Guid(aa37f3f578122d448859ca0e69f02c6c) Importer(815301076,1909f56bfc062723c751e8b465ee728b)
Start importing Assets/textures using Guid(aa37f3f578122d448859ca0e69f02c6c) Importer(815301076,1909f56bfc062723c751e8b465ee728b)  -> (artifact id: 'e694eb1eadec36de62558afab2499644') in 0.011323 seconds 
========================================================================
Received Import Request.
  Time since last request: 0.033005 seconds.
  path: Assets/textures/cobblestone_floor_01_diff_1k.jpg
  artifactKey: Guid(08585e12415dc0c4681ba30c82c6d696) Importer(815301076,1909f56bfc062723c751e8b465ee728b)
Start importing Assets/textures/cobblestone_floor_01_diff_1k.jpg using Guid(08585e12415dc0c4681ba30c82c6d696) Importer(815301076,1909f56bfc062723c751e8b465ee728b)  -> (artifact id: 'ebe72606f52cfac8a1fcd208315e443f') in 0.037852 seconds 
========================================================================
Received Import Request.
  Time since last request: 0.000272 seconds.
  path: Assets/textures/cobblestone_floor_01_nor_gl_1k.exr
  artifactKey: Guid(e50522e53fc851847a7df742a7af1116) Importer(815301076,1909f56bfc062723c751e8b465ee728b)
Start importing Assets/textures/cobblestone_floor_01_nor_gl_1k.exr using Guid(e50522e53fc851847a7df742a7af1116) Importer(815301076,1909f56bfc062723c751e8b465ee728b)  -> (artifact id: '26c65a587923a719768c1b1c67286bda') in 0.014044 seconds 
========================================================================
Received Import Request.
  Time since last request: 0.000291 seconds.
  path: Assets/textures/cobblestone_floor_01_disp_1k.png
  artifactKey: Guid(d6a1a647d75d0d949a6fef03e0e2bd9e) Importer(815301076,1909f56bfc062723c751e8b465ee728b)
Start importing Assets/textures/cobblestone_floor_01_disp_1k.png using Guid(d6a1a647d75d0d949a6fef03e0e2bd9e) Importer(815301076,1909f56bfc062723c751e8b465ee728b)  -> (artifact id: 'deb798686e4ed851e2aaedf728793f0c') in 0.031882 seconds 
========================================================================
Received Import Request.
  Time since last request: 0.000217 seconds.
  path: Assets/textures/cobblestone_floor_01_rough_1k.jpg
  artifactKey: Guid(1b4ad6308253ae148a6cb36356da4eea) Importer(815301076,1909f56bfc062723c751e8b465ee728b)
Start importing Assets/textures/cobblestone_floor_01_rough_1k.jpg using Guid(1b4ad6308253ae148a6cb36356da4eea) Importer(815301076,1909f56bfc062723c751e8b465ee728b)  -> (artifact id: 'ea2e57cbeb1fc14922d07fd4053d80ad') in 0.012011 seconds 
========================================================================
Received Import Request.
  Time since last request: 92.479527 seconds.
  path: Assets/textures/New Lighting Settings.lighting
  artifactKey: Guid(eb7ce50a46afb3640af0f4001250a55a) Importer(815301076,1909f56bfc062723c751e8b465ee728b)
Start importing Assets/textures/New Lighting Settings.lighting using Guid(eb7ce50a46afb3640af0f4001250a55a) Importer(815301076,1909f56bfc062723c751e8b465ee728b)  -> (artifact id: '23b12f64ffa5e4163b0c7c726d9ed453') in 0.009620 seconds 
========================================================================
Received Import Request.
  Time since last request: 38.367904 seconds.
  path: Assets/textures/New Lighting Settings.lighting
  artifactKey: Guid(eb7ce50a46afb3640af0f4001250a55a) Importer(815301076,1909f56bfc062723c751e8b465ee728b)
Start importing Assets/textures/New Lighting Settings.lighting using Guid(eb7ce50a46afb3640af0f4001250a55a) Importer(815301076,1909f56bfc062723c751e8b465ee728b)  -> (artifact id: '17463e6a3d073f74f2f8d7afafee3b72') in 0.002531 seconds 
========================================================================
Received Import Request.
  Time since last request: 134.701278 seconds.
  path: Assets/textures/Cobblestone.mat
  artifactKey: Guid(5034f0af304c1ca428856e51b2ff83a3) Importer(815301076,1909f56bfc062723c751e8b465ee728b)
Start importing Assets/textures/Cobblestone.mat using Guid(5034f0af304c1ca428856e51b2ff83a3) Importer(815301076,1909f56bfc062723c751e8b465ee728b) Launched and connected shader compiler UnityShaderCompiler.exe after 0.04 seconds
Launched and connected shader compiler UnityShaderCompiler.exe after 0.04 seconds
Launched and connected shader compiler UnityShaderCompiler.exe after 0.04 seconds
Launched and connected shader compiler UnityShaderCompiler.exe after 0.04 seconds
Launched and connected shader compiler UnityShaderCompiler.exe after 0.04 seconds
 -> (artifact id: 'c3b71874ab2e1db74772e6127f4ae519') in 0.757958 seconds 
========================================================================
Received Import Request.
  Time since last request: 258.471726 seconds.
  path: Assets/textures/Cobblestone.mat
  artifactKey: Guid(5034f0af304c1ca428856e51b2ff83a3) Importer(815301076,1909f56bfc062723c751e8b465ee728b)
Start importing Assets/textures/Cobblestone.mat using Guid(5034f0af304c1ca428856e51b2ff83a3) Importer(815301076,1909f56bfc062723c751e8b465ee728b)  -> (artifact id: '2729df9a14db491d1312783bee4386ce') in 0.037797 seconds 
========================================================================
Received Import Request.
  Time since last request: 133.672037 seconds.
  path: Assets/GameDevHQ/FileBase/2D/Textures/Decals/Blood_Decals_02
  artifactKey: Guid(f1d5671ef2e5d984e8baf4d51caa4914) Importer(815301076,1909f56bfc062723c751e8b465ee728b)
Start importing Assets/GameDevHQ/FileBase/2D/Textures/Decals/Blood_Decals_02 using Guid(f1d5671ef2e5d984e8baf4d51caa4914) Importer(815301076,1909f56bfc062723c751e8b465ee728b)  -> (artifact id: 'baba2e73f145d7c3e5b79f6edde15c36') in 0.005411 seconds 
========================================================================
Received Import Request.
  Time since last request: 2.558877 seconds.
  path: Assets/GameDevHQ/FileBase/2D/Textures/Decals/Blood_Decals_02/Decal
  artifactKey: Guid(ce40642d319227b45b30e0d82fd87b17) Importer(815301076,1909f56bfc062723c751e8b465ee728b)
Start importing Assets/GameDevHQ/FileBase/2D/Textures/Decals/Blood_Decals_02/Decal using Guid(ce40642d319227b45b30e0d82fd87b17) Importer(815301076,1909f56bfc062723c751e8b465ee728b)  -> (artifact id: '83e6e04faee8d546286a1fb2e214e03e') in 0.005746 seconds 
========================================================================
Received Import Request.
  Time since last request: 0.044049 seconds.
  path: Assets/GameDevHQ/FileBase/2D/Textures/Decals/Blood_Decals_02/Decal/Blood_Splatter_01.prefab
  artifactKey: Guid(50e94a9255de8f742bc44dea4ac8e952) Importer(815301076,1909f56bfc062723c751e8b465ee728b)
Start importing Assets/GameDevHQ/FileBase/2D/Textures/Decals/Blood_Decals_02/Decal/Blood_Splatter_01.prefab using Guid(50e94a9255de8f742bc44dea4ac8e952) Importer(815301076,1909f56bfc062723c751e8b465ee728b)  -> (artifact id: 'f4c52d1a9a6ff1806cc1c12632e7dcd0') in 0.016530 seconds 
========================================================================
Received Import Request.
  Time since last request: 0.000221 seconds.
  path: Assets/GameDevHQ/FileBase/2D/Textures/Decals/Blood_Decals_02/Decal/Blood_Splatter_09.prefab
  artifactKey: Guid(3fc25df1a07f5ad45a307864944fb1a8) Importer(815301076,1909f56bfc062723c751e8b465ee728b)
Start importing Assets/GameDevHQ/FileBase/2D/Textures/Decals/Blood_Decals_02/Decal/Blood_Splatter_09.prefab using Guid(3fc25df1a07f5ad45a307864944fb1a8) Importer(815301076,1909f56bfc062723c751e8b465ee728b)  -> (artifact id: '58d3185f4cefc3c7d0e7ffd3fa5ff704') in 0.007697 seconds 
========================================================================
Received Import Request.
  Time since last request: 0.000242 seconds.
  path: Assets/GameDevHQ/FileBase/2D/Textures/Decals/Blood_Decals_02/Decal/Blood_Splatter_13.prefab
  artifactKey: Guid(8320ea65bef3dc442b48aaa8c4d7d32f) Importer(815301076,1909f56bfc062723c751e8b465ee728b)
Start importing Assets/GameDevHQ/FileBase/2D/Textures/Decals/Blood_Decals_02/Decal/Blood_Splatter_13.prefab using Guid(8320ea65bef3dc442b48aaa8c4d7d32f) Importer(815301076,1909f56bfc062723c751e8b465ee728b)  -> (artifact id: '90a9344f1e64dd4185a787645b251a08') in 0.007463 seconds 
========================================================================
Received Import Request.
  Time since last request: 0.000239 seconds.
  path: Assets/GameDevHQ/FileBase/2D/Textures/Decals/Blood_Decals_02/Decal/Blood_Splatter_08.prefab
  artifactKey: Guid(97884deb76c1a90439d7be6d1f42d443) Importer(815301076,1909f56bfc062723c751e8b465ee728b)
Start importing Assets/GameDevHQ/FileBase/2D/Textures/Decals/Blood_Decals_02/Decal/Blood_Splatter_08.prefab using Guid(97884deb76c1a90439d7be6d1f42d443) Importer(815301076,1909f56bfc062723c751e8b465ee728b)  -> (artifact id: 'dbd10b42d843c621139b7aee04974a76') in 0.007874 seconds 
========================================================================
Received Import Request.
  Time since last request: 0.000191 seconds.
  path: Assets/GameDevHQ/FileBase/2D/Textures/Decals/Blood_Decals_02/Decal/Blood_Splatter_18.prefab
  artifactKey: Guid(ab2ae987a893a084da0dfebf39ab7dd2) Importer(815301076,1909f56bfc062723c751e8b465ee728b)
Start importing Assets/GameDevHQ/FileBase/2D/Textures/Decals/Blood_Decals_02/Decal/Blood_Splatter_18.prefab using Guid(ab2ae987a893a084da0dfebf39ab7dd2) Importer(815301076,1909f56bfc062723c751e8b465ee728b)  -> (artifact id: '88d559962eb5f603fe90d23101168492') in 0.007568 seconds 
========================================================================
Received Import Request.
  Time since last request: 0.000216 seconds.
  path: Assets/GameDevHQ/FileBase/2D/Textures/Decals/Blood_Decals_02/Decal/Blood_Splatter_07.prefab
  artifactKey: Guid(20f666626f1d3a1429797d09ecfad6cf) Importer(815301076,1909f56bfc062723c751e8b465ee728b)
Start importing Assets/GameDevHQ/FileBase/2D/Textures/Decals/Blood_Decals_02/Decal/Blood_Splatter_07.prefab using Guid(20f666626f1d3a1429797d09ecfad6cf) Importer(815301076,1909f56bfc062723c751e8b465ee728b)  -> (artifact id: 'd81d0de9fc1d84d75aff6bc006c01903') in 0.007307 seconds 
========================================================================
Received Import Request.
  Time since last request: 0.000173 seconds.
  path: Assets/GameDevHQ/FileBase/2D/Textures/Decals/Blood_Decals_02/Decal/Blood_Splatter_12.prefab
  artifactKey: Guid(885ff951b223d4e45a6acf30bc2840cf) Importer(815301076,1909f56bfc062723c751e8b465ee728b)
Start importing Assets/GameDevHQ/FileBase/2D/Textures/Decals/Blood_Decals_02/Decal/Blood_Splatter_12.prefab using Guid(885ff951b223d4e45a6acf30bc2840cf) Importer(815301076,1909f56bfc062723c751e8b465ee728b)  -> (artifact id: 'e706afdebb7089bcb8f7a978a6d6c195') in 0.007590 seconds 
========================================================================
Received Import Request.
  Time since last request: 0.000271 seconds.
  path: Assets/GameDevHQ/FileBase/2D/Textures/Decals/Blood_Decals_02/Decal/Blood_Splatter_14.prefab
  artifactKey: Guid(a371d7322ae24744e9c0b1b5f0784d5d) Importer(815301076,1909f56bfc062723c751e8b465ee728b)
Start importing Assets/GameDevHQ/FileBase/2D/Textures/Decals/Blood_Decals_02/Decal/Blood_Splatter_14.prefab using Guid(a371d7322ae24744e9c0b1b5f0784d5d) Importer(815301076,1909f56bfc062723c751e8b465ee728b)  -> (artifact id: '228f0779cde2c8a126f4a4cb0a819baa') in 0.008115 seconds 
========================================================================
Received Import Request.
  Time since last request: 0.000236 seconds.
  path: Assets/GameDevHQ/FileBase/2D/Textures/Decals/Blood_Decals_02/Decal/Blood_Splatter_15.prefab
  artifactKey: Guid(59fde863de4310e438d097504301f77b) Importer(815301076,1909f56bfc062723c751e8b465ee728b)
Start importing Assets/GameDevHQ/FileBase/2D/Textures/Decals/Blood_Decals_02/Decal/Blood_Splatter_15.prefab using Guid(59fde863de4310e438d097504301f77b) Importer(815301076,1909f56bfc062723c751e8b465ee728b)  -> (artifact id: '866f5d65ad30804fa6bbd62af6b18501') in 0.007698 seconds 
========================================================================
Received Import Request.
  Time since last request: 0.000214 seconds.
  path: Assets/GameDevHQ/FileBase/2D/Textures/Decals/Blood_Decals_02/Decal/Blood_Splatter_02.prefab
  artifactKey: Guid(cb4868c400ace90498e316c331d5f67a) Importer(815301076,1909f56bfc062723c751e8b465ee728b)
Start importing Assets/GameDevHQ/FileBase/2D/Textures/Decals/Blood_Decals_02/Decal/Blood_Splatter_02.prefab using Guid(cb4868c400ace90498e316c331d5f67a) Importer(815301076,1909f56bfc062723c751e8b465ee728b)  -> (artifact id: 'c8076a0481fad7dbcd7c101cbba5e4d3') in 0.007597 seconds 
========================================================================
Received Import Request.
  Time since last request: 0.000260 seconds.
  path: Assets/GameDevHQ/FileBase/2D/Textures/Decals/Blood_Decals_02/Decal/Blood_Splatter_03.prefab
  artifactKey: Guid(c074a99155cefd5409699bd4f31b3660) Importer(815301076,1909f56bfc062723c751e8b465ee728b)
Start importing Assets/GameDevHQ/FileBase/2D/Textures/Decals/Blood_Decals_02/Decal/Blood_Splatter_03.prefab using Guid(c074a99155cefd5409699bd4f31b3660) Importer(815301076,1909f56bfc062723c751e8b465ee728b)  -> (artifact id: '04d92e6af4b540b695b9e3ac0129bfce') in 0.007696 seconds 
========================================================================
Received Import Request.
  Time since last request: 0.000260 seconds.
  path: Assets/GameDevHQ/FileBase/2D/Textures/Decals/Blood_Decals_02/Decal/Blood_Splatter_16.prefab
  artifactKey: Guid(e36807ceb15ec6240b62388395deb080) Importer(815301076,1909f56bfc062723c751e8b465ee728b)
Start importing Assets/GameDevHQ/FileBase/2D/Textures/Decals/Blood_Decals_02/Decal/Blood_Splatter_16.prefab using Guid(e36807ceb15ec6240b62388395deb080) Importer(815301076,1909f56bfc062723c751e8b465ee728b)  -> (artifact id: '85657314cf1d593240f19abf889de9ef') in 0.007317 seconds 
========================================================================
Received Import Request.
  Time since last request: 0.000233 seconds.
  path: Assets/GameDevHQ/FileBase/2D/Textures/Decals/Blood_Decals_02/Decal/Blood_Splatter_10.prefab
  artifactKey: Guid(58503696f67d2454590ccdc6e28688e0) Importer(815301076,1909f56bfc062723c751e8b465ee728b)
Start importing Assets/GameDevHQ/FileBase/2D/Textures/Decals/Blood_Decals_02/Decal/Blood_Splatter_10.prefab using Guid(58503696f67d2454590ccdc6e28688e0) Importer(815301076,1909f56bfc062723c751e8b465ee728b)  -> (artifact id: 'cb00d85f5f82df5d81e72f4484beff31') in 0.007620 seconds 
========================================================================
Received Import Request.
  Time since last request: 0.000254 seconds.
  path: Assets/GameDevHQ/FileBase/2D/Textures/Decals/Blood_Decals_02/Decal/Blood_Splatter_06.prefab
  artifactKey: Guid(a50fd10f1d52f4e45b8a93e3e111b1cd) Importer(815301076,1909f56bfc062723c751e8b465ee728b)
Start importing Assets/GameDevHQ/FileBase/2D/Textures/Decals/Blood_Decals_02/Decal/Blood_Splatter_06.prefab using Guid(a50fd10f1d52f4e45b8a93e3e111b1cd) Importer(815301076,1909f56bfc062723c751e8b465ee728b)  -> (artifact id: 'fcff04e13ecb4b7afcc23b23fb46a95b') in 0.007851 seconds 
========================================================================
Received Import Request.
  Time since last request: 0.000271 seconds.
  path: Assets/GameDevHQ/FileBase/2D/Textures/Decals/Blood_Decals_02/Decal/Blood_Splatter_17.prefab
  artifactKey: Guid(ad79670634893384d97f974aefe11a66) Importer(815301076,1909f56bfc062723c751e8b465ee728b)
Start importing Assets/GameDevHQ/FileBase/2D/Textures/Decals/Blood_Decals_02/Decal/Blood_Splatter_17.prefab using Guid(ad79670634893384d97f974aefe11a66) Importer(815301076,1909f56bfc062723c751e8b465ee728b)  -> (artifact id: '79df73c1315a122ec580cc40173260ea') in 0.007886 seconds 
========================================================================
Received Import Request.
  Time since last request: 0.000213 seconds.
  path: Assets/GameDevHQ/FileBase/2D/Textures/Decals/Blood_Decals_02/Decal/Blood_Splatter_04.prefab
  artifactKey: Guid(3dc1e712905b125478d278d1fd84ccb4) Importer(815301076,1909f56bfc062723c751e8b465ee728b)
Start importing Assets/GameDevHQ/FileBase/2D/Textures/Decals/Blood_Decals_02/Decal/Blood_Splatter_04.prefab using Guid(3dc1e712905b125478d278d1fd84ccb4) Importer(815301076,1909f56bfc062723c751e8b465ee728b)  -> (artifact id: 'b93737568660f6d11ae4acb77dba9587') in 0.008090 seconds 
========================================================================
Received Import Request.
  Time since last request: 0.000248 seconds.
  path: Assets/GameDevHQ/FileBase/2D/Textures/Decals/Blood_Decals_02/Decal/Blood_Splatter_11.prefab
  artifactKey: Guid(fac7c3b7e9f6f3748b29b4b4fc3a68dc) Importer(815301076,1909f56bfc062723c751e8b465ee728b)
Start importing Assets/GameDevHQ/FileBase/2D/Textures/Decals/Blood_Decals_02/Decal/Blood_Splatter_11.prefab using Guid(fac7c3b7e9f6f3748b29b4b4fc3a68dc) Importer(815301076,1909f56bfc062723c751e8b465ee728b)  -> (artifact id: 'c3a74cf54627da3795ffd92b5a32374e') in 0.007906 seconds 
AssetImportWorkerClient::OnTransportError - code=2 error=End of file
